[18:37:28] [ServerMain/INFO]: Environment: Environment[sessionHost=https://sessionserver.mojang.com, servicesHost=https://api.minecraftservices.com, name=PROD]
[18:37:31] [ServerMain/INFO]: Loaded 1290 recipes
[18:37:31] [ServerMain/INFO]: Loaded 1403 advancements
[18:37:32] [Server thread/INFO]: Starting minecraft server version 1.21
[18:37:32] [Server thread/INFO]: Loading properties
[18:37:32] [Server thread/INFO]: Default game type: SURVIVAL
[18:37:32] [Server thread/INFO]: Generating keypair
[18:37:32] [Server thread/INFO]: Starting Minecraft server on *:25565
[18:37:32] [Server thread/INFO]: Using epoll channel type
[18:37:32] [Server thread/WARN]: **** SERVER IS RUNNING IN OFFLINE/INSECURE MODE!
[18:37:32] [Server thread/WARN]: The server will make no attempt to authenticate usernames. Beware.
[18:37:32] [Server thread/WARN]: While this makes the game possible to play without internet access, it also opens up the ability for hackers to connect with any username they choose.
[18:37:32] [Server thread/WARN]: To change this, set "online-mode" to "true" in the server.properties file.
[18:37:32] [Server thread/INFO]: Preparing level "world"
[18:37:37] [Server thread/INFO]: Preparing start region for dimension minecraft:overworld
[18:37:38] [Worker-Main-1/INFO]: Preparing spawn area: 0%
[18:37:38] [Worker-Main-1/INFO]: Preparing spawn area: 0%
[18:37:38] [Server thread/INFO]: Time elapsed: 760 ms
[18:37:38] [Server thread/INFO]: Done (6.002s)! For help, type "help"
[18:38:07] [Server thread/INFO]: alejo33[/127.71.213.100:56735] logged in with entity id 16 at (-800.9580281506666, -46.0, 866.2040456077713)
[18:38:07] [Server thread/INFO]: alejo33 joined the game
[18:39:19] [Server thread/INFO]: [alejo33: Set own game mode to Creative Mode]
[18:41:24] [Server thread/INFO]: alejo33 lost connection: Disconnected
[18:41:24] [Server thread/INFO]: alejo33 left the game
[18:41:51] [Server thread/INFO]: Stopping the server
[18:41:51] [Server thread/INFO]: Stopping server
[18:41:51] [Server thread/INFO]: Saving players
[18:41:51] [Server thread/INFO]: Saving worlds
[18:41:51] [Server thread/INFO]: Saving chunks for level 'ServerLevel[world]'/minecraft:overworld
[18:41:52] [Server thread/INFO]: Saving chunks for level 'ServerLevel[world]'/minecraft:the_nether
[18:41:52] [Server thread/INFO]: Saving chunks for level 'ServerLevel[world]'/minecraft:the_end
[18:41:52] [Server thread/INFO]: ThreadedAnvilChunkStorage (world): All chunks are saved
[18:41:52] [Server thread/INFO]: ThreadedAnvilChunkStorage (DIM-1): All chunks are saved
[18:41:52] [Server thread/INFO]: ThreadedAnvilChunkStorage (DIM1): All chunks are saved
[18:41:52] [Server thread/INFO]: ThreadedAnvilChunkStorage: All dimensions are saved
